Info: Starting: Create block symbol file (.bsf)
Info: ip-generate --project-directory=C:/work/fpga/nios2_camera_sdram_lcd/prj_qsys/ --output-directory=C:/work/fpga/nios2_camera_sdram_lcd/prj_qsys/nios2_camera_sdram_lcd/ --report-file=bsf:C:/work/fpga/nios2_camera_sdram_lcd/prj_qsys/nios2_camera_sdram_lcd.bsf --system-info=DEVICE_FAMILY="Cyclone IV E" --system-info=DEVICE=EP4CE6F17C8 --system-info=DEVICE_SPEEDGRADE=8 --component-file=C:/work/fpga/nios2_camera_sdram_lcd/prj_qsys/nios2_camera_sdram_lcd.qsys
Progress: Loading prj_qsys/nios2_camera_sdram_lcd.qsys
Progress: Reading input file
Progress: Adding inclk [clock_source 12.1]
Progress: Parameterizing module inclk
Progress: Adding pll [altpll 12.1]
Progress: Parameterizing module pll
Progress: Adding cpu [altera_nios2_qsys 12.1]
Progress: Parameterizing module cpu
Progress: Adding sysid [altera_avalon_sysid_qsys 12.1]
Progress: Parameterizing module sysid
Progress: Adding sdram [altera_avalon_new_sdram_controller 12.1]
Progress: Parameterizing module sdram
Progress: Adding jtag_uart [altera_avalon_jtag_uart 12.1]
Progress: Parameterizing module jtag_uart
Progress: Adding pio [altera_avalon_pio 12.1]
Progress: Parameterizing module pio
Progress: Adding lcd_controller [avalon_lcd_rgb_controller 1.0]
Progress: Parameterizing module lcd_controller
Progress: Adding isp [avalon_isp_lite 1.0]
Progress: Parameterizing module isp
Progress: Adding vip [avalon_vip 1.0]
Progress: Parameterizing module vip
Progress: Adding dvp_wch [avalon_dvp_wch 1.0]
Progress: Parameterizing module dvp_wch
Progress: Adding dvp_vi [avalon_dvp_vi 1.0]
Progress: Parameterizing module dvp_vi
Progress: Building connections
Progress: Parameterizing connections
Progress: Validating
Progress: Done reading input file
Info: nios2_camera_sdram_lcd.sysid: System ID is not assigned automatically. Edit the System ID parameter to provide a unique ID
Info: nios2_camera_sdram_lcd.sysid: Time stamp will be automatically updated when this component is generated.
Info: nios2_camera_sdram_lcd.pio: PIO inputs are not hardwired in test bench. Undefined values will be read from PIO inputs during simulation.
Warning: nios2_camera_sdram_lcd.pll: pll.areset_conduit must be exported, or connected to a matching conduit.
Warning: nios2_camera_sdram_lcd.pll: pll.locked_conduit must be exported, or connected to a matching conduit.
Warning: nios2_camera_sdram_lcd.pll: pll.phasedone_conduit must be exported, or connected to a matching conduit.
Info: ip-generate succeeded.
Info: Finished: Create block symbol file (.bsf)
Info: 
Info: Starting: Create HDL design files for synthesis
Info: ip-generate --project-directory=C:/work/fpga/nios2_camera_sdram_lcd/prj_qsys/ --output-directory=C:/work/fpga/nios2_camera_sdram_lcd/prj_qsys/nios2_camera_sdram_lcd/synthesis/ --file-set=QUARTUS_SYNTH --report-file=sopcinfo:C:/work/fpga/nios2_camera_sdram_lcd/prj_qsys/nios2_camera_sdram_lcd.sopcinfo --report-file=html:C:/work/fpga/nios2_camera_sdram_lcd/prj_qsys/nios2_camera_sdram_lcd.html --report-file=qip:C:/work/fpga/nios2_camera_sdram_lcd/prj_qsys/nios2_camera_sdram_lcd/synthesis/nios2_camera_sdram_lcd.qip --report-file=cmp:C:/work/fpga/nios2_camera_sdram_lcd/prj_qsys/nios2_camera_sdram_lcd.cmp --system-info=DEVICE_FAMILY="Cyclone IV E" --system-info=DEVICE=EP4CE6F17C8 --system-info=DEVICE_SPEEDGRADE=8 --component-file=C:/work/fpga/nios2_camera_sdram_lcd/prj_qsys/nios2_camera_sdram_lcd.qsys
Progress: Loading prj_qsys/nios2_camera_sdram_lcd.qsys
Progress: Reading input file
Progress: Adding inclk [clock_source 12.1]
Progress: Parameterizing module inclk
Progress: Adding pll [altpll 12.1]
Progress: Parameterizing module pll
Progress: Adding cpu [altera_nios2_qsys 12.1]
Progress: Parameterizing module cpu
Progress: Adding sysid [altera_avalon_sysid_qsys 12.1]
Progress: Parameterizing module sysid
Progress: Adding sdram [altera_avalon_new_sdram_controller 12.1]
Progress: Parameterizing module sdram
Progress: Adding jtag_uart [altera_avalon_jtag_uart 12.1]
Progress: Parameterizing module jtag_uart
Progress: Adding pio [altera_avalon_pio 12.1]
Progress: Parameterizing module pio
Progress: Adding lcd_controller [avalon_lcd_rgb_controller 1.0]
Progress: Parameterizing module lcd_controller
Progress: Adding isp [avalon_isp_lite 1.0]
Progress: Parameterizing module isp
Progress: Adding vip [avalon_vip 1.0]
Progress: Parameterizing module vip
Progress: Adding dvp_wch [avalon_dvp_wch 1.0]
Progress: Parameterizing module dvp_wch
Progress: Adding dvp_vi [avalon_dvp_vi 1.0]
Progress: Parameterizing module dvp_vi
Progress: Building connections
Progress: Parameterizing connections
Progress: Validating
Progress: Done reading input file
Info: nios2_camera_sdram_lcd.sysid: System ID is not assigned automatically. Edit the System ID parameter to provide a unique ID
Info: nios2_camera_sdram_lcd.sysid: Time stamp will be automatically updated when this component is generated.
Info: nios2_camera_sdram_lcd.pio: PIO inputs are not hardwired in test bench. Undefined values will be read from PIO inputs during simulation.
Warning: nios2_camera_sdram_lcd.pll: pll.areset_conduit must be exported, or connected to a matching conduit.
Warning: nios2_camera_sdram_lcd.pll: pll.locked_conduit must be exported, or connected to a matching conduit.
Warning: nios2_camera_sdram_lcd.pll: pll.phasedone_conduit must be exported, or connected to a matching conduit.
Info: nios2_camera_sdram_lcd: Generating nios2_camera_sdram_lcd "nios2_camera_sdram_lcd" for QUARTUS_SYNTH
Info: pipeline_bridge_swap_transform: After transform: 12 modules, 53 connections
Info: No custom instruction connections, skipping transform 
Info: merlin_translator_transform: After transform: 27 modules, 113 connections
Info: merlin_domain_transform: After transform: 64 modules, 339 connections
Info: merlin_router_transform: After transform: 79 modules, 399 connections
Info: merlin_burst_transform: After transform: 80 modules, 403 connections
Info: reset_adaptation_transform: After transform: 82 modules, 316 connections
Info: merlin_network_to_switch_transform: After transform: 111 modules, 376 connections
Info: merlin_width_transform: After transform: 115 modules, 388 connections
Info: Inserting clock-crossing logic between cmd_xbar_demux_001.src9 and cmd_xbar_mux_009.sink0
Info: Inserting clock-crossing logic between rsp_xbar_demux_009.src0 and rsp_xbar_mux_001.sink9
Info: com_altera_sopcmodel_transforms_avalon_ClockCrossingTransform: After transform: 117 modules, 398 connections
Info: merlin_interrupt_mapper_transform: After transform: 118 modules, 401 connections
Info: pll: "nios2_camera_sdram_lcd" instantiated altpll "pll"
Info: cpu: Starting RTL generation for module 'nios2_camera_sdram_lcd_cpu'
Info: cpu:   Generation command is [exec C:/altera/12.1/quartus/../ip/altera/nios2_ip/altera_nios2/eperl.exe -I C:/altera/12.1/quartus/common/ip/altera/common/perl/5.8.3 -I C:/altera/12.1/quartus/sopc_builder/bin/europa -I C:/altera/12.1/quartus/sopc_builder/bin/perl_lib -I C:/altera/12.1/quartus/sopc_builder/bin -I C:/altera/12.1/quartus/../ip/altera/nios2_ip/altera_nios2/cpu_lib -I C:/altera/12.1/quartus/../ip/altera/nios2_ip/altera_nios2/nios_lib -I C:/altera/12.1/quartus/../ip/altera/nios2_ip/altera_nios2 -I C:/altera/12.1/quartus/../ip/altera/nios2_ip/altera_nios2 -- C:/altera/12.1/quartus/../ip/altera/nios2_ip/altera_nios2/generate_rtl.epl --name=nios2_camera_sdram_lcd_cpu --dir=C:/Users/PC-1703/AppData/Local/Temp/alt8755_2889800209042208702.dir/0011_cpu_gen/ --quartus_dir=C:/altera/12.1/quartus --verilog --config=C:/Users/PC-1703/AppData/Local/Temp/alt8755_2889800209042208702.dir/0011_cpu_gen//nios2_camera_sdram_lcd_cpu_processor_configuration.pl  --do_build_sim=0    --bogus  ]
Info: cpu: # 2021.05.09 01:57:56 (*) Starting Nios II generation
Info: cpu: # 2021.05.09 01:57:56 (*)   Checking for plaintext license.
Info: cpu: # 2021.05.09 01:57:57 (*)   Plaintext license not found.
Info: cpu: # 2021.05.09 01:57:57 (*)   No license required to generate encrypted Nios II/e.
Info: cpu: # 2021.05.09 01:57:57 (*)   Elaborating CPU configuration settings
Info: cpu: # 2021.05.09 01:57:57 (*)   Creating all objects for CPU
Info: cpu: # 2021.05.09 01:57:58 (*)   Generating RTL from CPU objects
Info: cpu: # 2021.05.09 01:57:58 (*)   Creating plain-text RTL
Info: cpu: # 2021.05.09 01:57:59 (*) Done Nios II generation
Info: cpu: Done RTL generation for module 'nios2_camera_sdram_lcd_cpu'
Info: cpu: "nios2_camera_sdram_lcd" instantiated altera_nios2_qsys "cpu"
Info: sysid: "nios2_camera_sdram_lcd" instantiated altera_avalon_sysid_qsys "sysid"
Info: Starting classic module elaboration.
      2 [main] sh 2552 find_fast_cwd: WARNING: Couldn't compute FAST_CWD pointer.  Please report this problem to
the public mailing list cygwin@cygwin.com
Qt: Untested Windows version 6.2 detected!
"c:/altera/12.1/quartus/bin/jre/bin/java.exe" -Xmx512M -classpath "c:/altera/12.1/quartus/sopc_builder/bin/sopc_builder.jar;c:/altera/12.1/quartus/sopc_builder/bin/PinAssigner.jar;c:/altera/12.1/quartus/sopc_builder/bin/sopc_wizard.jar;c:/altera/12.1/quartus/sopc_builder/bin/jptf.jar" sopc_builder.sopc_builder  -d"c:/altera/12.1/quartus/sopc_builder" -notalkback=1 -projectnameyysystem.qpf -projectpathC:/Users/PC-1703/AppData/Local/Temp/alt8755_2889800209042208702.dir/0013_sopclgen  --no_splash --refresh C:/Users/PC-1703/AppData/Local/Temp/alt8755_2889800209042208702.dir/0013_sopclgen/yysystem.v --quartus_dir="c:/altera/12.1/quartus" --sopc_perl="c:/altera/12.1/quartus/bin/perl" --sopc_lib_path="++c:/altera/12.1/quartus/../ip/altera/sopc_builder_ip+c:/altera/12.1/quartus/../ip/altera/nios2_ip"
Info: Finished elaborating classic module.
Executing: C:/altera/12.1/quartus//sopc_builder/bin/sopc_builder --classic --generate C:/Users/PC-1703/AppData/Local/Temp/alt8755_2889800209042208702.dir/0013_sopclgen/yysystem.ptf
Info: Running sopc_builder...
      1 [main] sh 8472 find_fast_cwd: WARNING: Couldn't compute FAST_CWD pointer.  Please report this problem to
the public mailing list cygwin@cygwin.com
Qt: Untested Windows version 6.2 detected!
"c:/altera/12.1/quartus/bin/jre/bin/java.exe" -Xmx512M -classpath "c:/altera/12.1/quartus/sopc_builder/bin/sopc_builder.jar;c:/altera/12.1/quartus/sopc_builder/bin/PinAssigner.jar;c:/altera/12.1/quartus/sopc_builder/bin/sopc_wizard.jar;c:/altera/12.1/quartus/sopc_builder/bin/jptf.jar" sopc_builder.sopc_builder  -d"c:/altera/12.1/quartus/sopc_builder" -notalkback=1 -projectnameyysystem.qpf -projectpathC:/Users/PC-1703/AppData/Local/Temp/alt8755_2889800209042208702.dir/0013_sopclgen  --generate C:/Users/PC-1703/AppData/Local/Temp/alt8755_2889800209042208702.dir/0013_sopclgen/yysystem.v --quartus_dir="c:/altera/12.1/quartus" --sopc_perl="c:/altera/12.1/quartus/bin/perl" --sopc_lib_path="++c:/altera/12.1/quartus/../ip/altera/sopc_builder_ip+c:/altera/12.1/quartus/../ip/altera/nios2_ip"
No .sopc_builder configuration file(!)
.
.
# 2021.05.09 01:58:08 (*) Running Test Generator Program for nios2_camera_sdram_lcd_sdram
# 2021.05.09 01:58:09 (*) Success: sopc_builder finished.
Info: sdram: "nios2_camera_sdram_lcd" instantiated altera_avalon_new_sdram_controller "sdram"
Info: Starting classic module elaboration.
      4 [main] sh 14212 find_fast_cwd: WARNING: Couldn't compute FAST_CWD pointer.  Please report this problem to
the public mailing list cygwin@cygwin.com
Qt: Untested Windows version 6.2 detected!
"c:/altera/12.1/quartus/bin/jre/bin/java.exe" -Xmx512M -classpath "c:/altera/12.1/quartus/sopc_builder/bin/sopc_builder.jar;c:/altera/12.1/quartus/sopc_builder/bin/PinAssigner.jar;c:/altera/12.1/quartus/sopc_builder/bin/sopc_wizard.jar;c:/altera/12.1/quartus/sopc_builder/bin/jptf.jar" sopc_builder.sopc_builder  -d"c:/altera/12.1/quartus/sopc_builder" -notalkback=1 -projectnameyysystem.qpf -projectpathC:/Users/PC-1703/AppData/Local/Temp/alt8755_2889800209042208702.dir/0014_sopclgen  --no_splash --refresh C:/Users/PC-1703/AppData/Local/Temp/alt8755_2889800209042208702.dir/0014_sopclgen/yysystem.v --quartus_dir="c:/altera/12.1/quartus" --sopc_perl="c:/altera/12.1/quartus/bin/perl" --sopc_lib_path="++c:/altera/12.1/quartus/../ip/altera/sopc_builder_ip+c:/altera/12.1/quartus/../ip/altera/nios2_ip"
Info: Finished elaborating classic module.
Executing: C:/altera/12.1/quartus//sopc_builder/bin/sopc_builder --classic --generate C:/Users/PC-1703/AppData/Local/Temp/alt8755_2889800209042208702.dir/0014_sopclgen/yysystem.ptf
Info: Running sopc_builder...
      1 [main] sh 13664 find_fast_cwd: WARNING: Couldn't compute FAST_CWD pointer.  Please report this problem to
the public mailing list cygwin@cygwin.com
Qt: Untested Windows version 6.2 detected!
"c:/altera/12.1/quartus/bin/jre/bin/java.exe" -Xmx512M -classpath "c:/altera/12.1/quartus/sopc_builder/bin/sopc_builder.jar;c:/altera/12.1/quartus/sopc_builder/bin/PinAssigner.jar;c:/altera/12.1/quartus/sopc_builder/bin/sopc_wizard.jar;c:/altera/12.1/quartus/sopc_builder/bin/jptf.jar" sopc_builder.sopc_builder  -d"c:/altera/12.1/quartus/sopc_builder" -notalkback=1 -projectnameyysystem.qpf -projectpathC:/Users/PC-1703/AppData/Local/Temp/alt8755_2889800209042208702.dir/0014_sopclgen  --generate C:/Users/PC-1703/AppData/Local/Temp/alt8755_2889800209042208702.dir/0014_sopclgen/yysystem.v --quartus_dir="c:/altera/12.1/quartus" --sopc_perl="c:/altera/12.1/quartus/bin/perl" --sopc_lib_path="++c:/altera/12.1/quartus/../ip/altera/sopc_builder_ip+c:/altera/12.1/quartus/../ip/altera/nios2_ip"
No .sopc_builder configuration file(!)
.
# 2021.05.09 01:58:17 (*) Success: sopc_builder finished.
Info: jtag_uart: "nios2_camera_sdram_lcd" instantiated altera_avalon_jtag_uart "jtag_uart"
Info: Starting classic module elaboration.
      1 [main] sh 9684 find_fast_cwd: WARNING: Couldn't compute FAST_CWD pointer.  Please report this problem to
the public mailing list cygwin@cygwin.com
Qt: Untested Windows version 6.2 detected!
"c:/altera/12.1/quartus/bin/jre/bin/java.exe" -Xmx512M -classpath "c:/altera/12.1/quartus/sopc_builder/bin/sopc_builder.jar;c:/altera/12.1/quartus/sopc_builder/bin/PinAssigner.jar;c:/altera/12.1/quartus/sopc_builder/bin/sopc_wizard.jar;c:/altera/12.1/quartus/sopc_builder/bin/jptf.jar" sopc_builder.sopc_builder  -d"c:/altera/12.1/quartus/sopc_builder" -notalkback=1 -projectnameyysystem.qpf -projectpathC:/Users/PC-1703/AppData/Local/Temp/alt8755_2889800209042208702.dir/0015_sopclgen  --no_splash --refresh C:/Users/PC-1703/AppData/Local/Temp/alt8755_2889800209042208702.dir/0015_sopclgen/yysystem.v --quartus_dir="c:/altera/12.1/quartus" --sopc_perl="c:/altera/12.1/quartus/bin/perl" --sopc_lib_path="++c:/altera/12.1/quartus/../ip/altera/sopc_builder_ip+c:/altera/12.1/quartus/../ip/altera/nios2_ip"
Info: Finished elaborating classic module.
Executing: C:/altera/12.1/quartus//sopc_builder/bin/sopc_builder --classic --generate C:/Users/PC-1703/AppData/Local/Temp/alt8755_2889800209042208702.dir/0015_sopclgen/yysystem.ptf
Info: Running sopc_builder...
      1 [main] sh 1148 find_fast_cwd: WARNING: Couldn't compute FAST_CWD pointer.  Please report this problem to
the public mailing list cygwin@cygwin.com
Qt: Untested Windows version 6.2 detected!
"c:/altera/12.1/quartus/bin/jre/bin/java.exe" -Xmx512M -classpath "c:/altera/12.1/quartus/sopc_builder/bin/sopc_builder.jar;c:/altera/12.1/quartus/sopc_builder/bin/PinAssigner.jar;c:/altera/12.1/quartus/sopc_builder/bin/sopc_wizard.jar;c:/altera/12.1/quartus/sopc_builder/bin/jptf.jar" sopc_builder.sopc_builder  -d"c:/altera/12.1/quartus/sopc_builder" -notalkback=1 -projectnameyysystem.qpf -projectpathC:/Users/PC-1703/AppData/Local/Temp/alt8755_2889800209042208702.dir/0015_sopclgen  --generate C:/Users/PC-1703/AppData/Local/Temp/alt8755_2889800209042208702.dir/0015_sopclgen/yysystem.v --quartus_dir="c:/altera/12.1/quartus" --sopc_perl="c:/altera/12.1/quartus/bin/perl" --sopc_lib_path="++c:/altera/12.1/quartus/../ip/altera/sopc_builder_ip+c:/altera/12.1/quartus/../ip/altera/nios2_ip"
No .sopc_builder configuration file(!)
.
# 2021.05.09 01:58:24 (*) Success: sopc_builder finished.
Info: pio: "nios2_camera_sdram_lcd" instantiated altera_avalon_pio "pio"
Info: lcd_controller: "nios2_camera_sdram_lcd" instantiated avalon_lcd_rgb_controller "lcd_controller"
Info: isp: "nios2_camera_sdram_lcd" instantiated avalon_isp_lite "isp"
Info: vip: "nios2_camera_sdram_lcd" instantiated avalon_vip "vip"
Info: dvp_wch: "nios2_camera_sdram_lcd" instantiated avalon_dvp_wch "dvp_wch"
Info: dvp_vi: "nios2_camera_sdram_lcd" instantiated avalon_dvp_vi "dvp_vi"
Info: cpu_instruction_master_translator: "nios2_camera_sdram_lcd" instantiated altera_merlin_master_translator "cpu_instruction_master_translator"
Info: cpu_jtag_debug_module_translator: "nios2_camera_sdram_lcd" instantiated altera_merlin_slave_translator "cpu_jtag_debug_module_translator"
Info: cpu_instruction_master_translator_avalon_universal_master_0_agent: "nios2_camera_sdram_lcd" instantiated altera_merlin_master_agent "cpu_instruction_master_translator_avalon_universal_master_0_agent"
Info: cpu_jtag_debug_module_translator_avalon_universal_slave_0_agent: "nios2_camera_sdram_lcd" instantiated altera_merlin_slave_agent "cpu_jtag_debug_module_translator_avalon_universal_slave_0_agent"
Info: cpu_jtag_debug_module_translator_avalon_universal_slave_0_agent_rsp_fifo: "nios2_camera_sdram_lcd" instantiated altera_avalon_sc_fifo "cpu_jtag_debug_module_translator_avalon_universal_slave_0_agent_rsp_fifo"
Info: addr_router: "nios2_camera_sdram_lcd" instantiated altera_merlin_router "addr_router"
Info: addr_router_001: "nios2_camera_sdram_lcd" instantiated altera_merlin_router "addr_router_001"
Info: addr_router_002: "nios2_camera_sdram_lcd" instantiated altera_merlin_router "addr_router_002"
Info: id_router: "nios2_camera_sdram_lcd" instantiated altera_merlin_router "id_router"
Info: id_router_001: "nios2_camera_sdram_lcd" instantiated altera_merlin_router "id_router_001"
Info: id_router_002: "nios2_camera_sdram_lcd" instantiated altera_merlin_router "id_router_002"
Info: burst_adapter: "nios2_camera_sdram_lcd" instantiated altera_merlin_burst_adapter "burst_adapter"
Info: rst_controller: "nios2_camera_sdram_lcd" instantiated altera_reset_controller "rst_controller"
Info: cmd_xbar_demux: "nios2_camera_sdram_lcd" instantiated altera_merlin_demultiplexer "cmd_xbar_demux"
Info: cmd_xbar_demux_001: "nios2_camera_sdram_lcd" instantiated altera_merlin_demultiplexer "cmd_xbar_demux_001"
Info: cmd_xbar_demux_002: "nios2_camera_sdram_lcd" instantiated altera_merlin_demultiplexer "cmd_xbar_demux_002"
Info: cmd_xbar_mux: "nios2_camera_sdram_lcd" instantiated altera_merlin_multiplexer "cmd_xbar_mux"
Info: cmd_xbar_mux_001: "nios2_camera_sdram_lcd" instantiated altera_merlin_multiplexer "cmd_xbar_mux_001"
Info: Reusing file C:/work/fpga/nios2_camera_sdram_lcd/prj_qsys/nios2_camera_sdram_lcd/synthesis/submodules/altera_merlin_arbitrator.sv
Info: rsp_xbar_demux_001: "nios2_camera_sdram_lcd" instantiated altera_merlin_demultiplexer "rsp_xbar_demux_001"
Info: rsp_xbar_demux_002: "nios2_camera_sdram_lcd" instantiated altera_merlin_demultiplexer "rsp_xbar_demux_002"
Info: rsp_xbar_mux: "nios2_camera_sdram_lcd" instantiated altera_merlin_multiplexer "rsp_xbar_mux"
Info: Reusing file C:/work/fpga/nios2_camera_sdram_lcd/prj_qsys/nios2_camera_sdram_lcd/synthesis/submodules/altera_merlin_arbitrator.sv
Info: rsp_xbar_mux_001: "nios2_camera_sdram_lcd" instantiated altera_merlin_multiplexer "rsp_xbar_mux_001"
Info: Reusing file C:/work/fpga/nios2_camera_sdram_lcd/prj_qsys/nios2_camera_sdram_lcd/synthesis/submodules/altera_merlin_arbitrator.sv
Info: width_adapter: "nios2_camera_sdram_lcd" instantiated altera_merlin_width_adapter "width_adapter"
Info: Reusing file C:/work/fpga/nios2_camera_sdram_lcd/prj_qsys/nios2_camera_sdram_lcd/synthesis/submodules/altera_merlin_burst_uncompressor.sv
Info: Reusing file C:/work/fpga/nios2_camera_sdram_lcd/prj_qsys/nios2_camera_sdram_lcd/synthesis/submodules/altera_merlin_address_alignment.sv
Info: crosser: "nios2_camera_sdram_lcd" instantiated altera_avalon_st_handshake_clock_crosser "crosser"
Info: irq_mapper: "nios2_camera_sdram_lcd" instantiated altera_irq_mapper "irq_mapper"
Info: nios2_camera_sdram_lcd: Done nios2_camera_sdram_lcd" with 37 modules, 170 files, 3022157 bytes
Info: ip-generate succeeded.
Info: Finished: Create HDL design files for synthesis
